0 verbose cli /usr/bin/node /usr/bin/npm
1 info using npm@9.8.1
2 info using node@v18.17.1
3 timing npm:load:whichnode Completed in 1ms
4 timing config:load:defaults Completed in 2ms
5 timing config:load:file:/usr/lib/node_modules/npm/npmrc Completed in 1ms
6 timing config:load:builtin Completed in 1ms
7 timing config:load:cli Completed in 2ms
8 timing config:load:env Completed in 0ms
9 timing config:load:file:/var/www/.npmrc Completed in 2ms
10 timing config:load:project Completed in 3ms
11 timing config:load:file:/var/www/.home/.npmrc Completed in 0ms
12 timing config:load:user Completed in 1ms
13 timing config:load:file:/usr/etc/npmrc Completed in 0ms
14 timing config:load:global Completed in 0ms
15 timing config:load:setEnvs Completed in 1ms
16 timing config:load Completed in 10ms
17 timing npm:load:configload Completed in 10ms
18 timing config:load:flatten Completed in 2ms
19 timing npm:load:mkdirpcache Completed in 1ms
20 timing npm:load:mkdirplogs Completed in 0ms
21 verbose title npm install
22 verbose argv "install"
23 timing npm:load:setTitle Completed in 0ms
24 timing npm:load:display Completed in 1ms
25 verbose logfile logs-max:10 dir:/var/www/.home/.npm/_logs/2023-09-14T03_20_02_188Z-
26 verbose logfile /var/www/.home/.npm/_logs/2023-09-14T03_20_02_188Z-debug-0.log
27 timing npm:load:logFile Completed in 8ms
28 timing npm:load:timers Completed in 0ms
29 timing npm:load:configScope Completed in 0ms
30 timing npm:load Completed in 35ms
31 timing arborist:ctor Completed in 1ms
32 silly logfile done cleaning log files
33 timing idealTree:init Completed in 478ms
34 timing idealTree:userRequests Completed in 0ms
35 silly idealTree buildDeps
36 timing idealTree:#root Completed in 1ms
37 timing idealTree:buildDeps Completed in 1ms
38 timing idealTree:fixDepFlags Completed in 0ms
39 timing idealTree Completed in 487ms
40 timing arborist:ctor Completed in 0ms
41 timing reify:loadTrees Completed in 706ms
42 timing reify:diffTrees Completed in 10ms
43 silly reify moves {}
44 timing reify:retireShallow Completed in 1ms
45 timing reify:createSparse Completed in 1ms
46 timing reify:loadBundles Completed in 0ms
47 silly audit bulk request {
47 silly audit   '@ampproject/remapping': [ '2.2.1' ],
47 silly audit   '@babel/code-frame': [ '7.22.13' ],
47 silly audit   'ansi-styles': [ '3.2.1', '4.3.0' ],
47 silly audit   chalk: [ '2.4.2', '4.1.2' ],
47 silly audit   'color-convert': [ '1.9.3', '2.0.1' ],
47 silly audit   'color-name': [ '1.1.3', '1.1.4' ],
47 silly audit   'has-flag': [ '3.0.0', '4.0.0' ],
47 silly audit   'supports-color': [ '5.5.0', '8.1.1', '7.2.0' ],
47 silly audit   '@babel/compat-data': [ '7.22.9' ],
47 silly audit   '@babel/core': [ '7.22.17' ],
47 silly audit   semver: [ '6.3.1', '7.5.4' ],
47 silly audit   '@babel/generator': [ '7.22.15' ],
47 silly audit   '@babel/helper-annotate-as-pure': [ '7.22.5' ],
47 silly audit   '@babel/helper-builder-binary-assignment-operator-visitor': [ '7.22.15' ],
47 silly audit   '@babel/helper-compilation-targets': [ '7.22.15' ],
47 silly audit   '@babel/helper-create-class-features-plugin': [ '7.22.15' ],
47 silly audit   '@babel/helper-create-regexp-features-plugin': [ '7.22.15' ],
47 silly audit   '@babel/helper-define-polyfill-provider': [ '0.4.2' ],
47 silly audit   '@babel/helper-environment-visitor': [ '7.22.5' ],
47 silly audit   '@babel/helper-function-name': [ '7.22.5' ],
47 silly audit   '@babel/helper-hoist-variables': [ '7.22.5' ],
47 silly audit   '@babel/helper-member-expression-to-functions': [ '7.22.15' ],
47 silly audit   '@babel/helper-module-imports': [ '7.22.15' ],
47 silly audit   '@babel/helper-module-transforms': [ '7.22.17' ],
47 silly audit   '@babel/helper-optimise-call-expression': [ '7.22.5' ],
47 silly audit   '@babel/helper-plugin-utils': [ '7.22.5' ],
47 silly audit   '@babel/helper-remap-async-to-generator': [ '7.22.17' ],
47 silly audit   '@babel/helper-replace-supers': [ '7.22.9' ],
47 silly audit   '@babel/helper-simple-access': [ '7.22.5' ],
47 silly audit   '@babel/helper-skip-transparent-expression-wrappers': [ '7.22.5' ],
47 silly audit   '@babel/helper-split-export-declaration': [ '7.22.6' ],
47 silly audit   '@babel/helper-string-parser': [ '7.22.5' ],
47 silly audit   '@babel/helper-validator-identifier': [ '7.22.15' ],
47 silly audit   '@babel/helper-validator-option': [ '7.22.15' ],
47 silly audit   '@babel/helper-wrap-function': [ '7.22.17' ],
47 silly audit   '@babel/helpers': [ '7.22.15' ],
47 silly audit   '@babel/highlight': [ '7.22.13' ],
47 silly audit   '@babel/parser': [ '7.22.16' ],
47 silly audit   '@babel/plugin-bugfix-safari-id-destructuring-collision-in-function-expression': [ '7.22.15' ],
47 silly audit   '@babel/plugin-bugfix-v8-spread-parameters-in-optional-chaining': [ '7.22.15' ],
47 silly audit   '@babel/plugin-proposal-object-rest-spread': [ '7.20.7' ],
47 silly audit   '@babel/plugin-proposal-private-property-in-object': [ '7.21.0-placeholder-for-preset-env.2' ],
47 silly audit   '@babel/plugin-syntax-async-generators': [ '7.8.4' ],
47 silly audit   '@babel/plugin-syntax-class-properties': [ '7.12.13' ],
47 silly audit   '@babel/plugin-syntax-class-static-block': [ '7.14.5' ],
47 silly audit   '@babel/plugin-syntax-dynamic-import': [ '7.8.3' ],
47 silly audit   '@babel/plugin-syntax-export-namespace-from': [ '7.8.3' ],
47 silly audit   '@babel/plugin-syntax-import-assertions': [ '7.22.5' ],
47 silly audit   '@babel/plugin-syntax-import-attributes': [ '7.22.5' ],
47 silly audit   '@babel/plugin-syntax-import-meta': [ '7.10.4' ],
47 silly audit   '@babel/plugin-syntax-json-strings': [ '7.8.3' ],
47 silly audit   '@babel/plugin-syntax-logical-assignment-operators': [ '7.10.4' ],
47 silly audit   '@babel/plugin-syntax-nullish-coalescing-operator': [ '7.8.3' ],
47 silly audit   '@babel/plugin-syntax-numeric-separator': [ '7.10.4' ],
47 silly audit   '@babel/plugin-syntax-object-rest-spread': [ '7.8.3' ],
47 silly audit   '@babel/plugin-syntax-optional-catch-binding': [ '7.8.3' ],
47 silly audit   '@babel/plugin-syntax-optional-chaining': [ '7.8.3' ],
47 silly audit   '@babel/plugin-syntax-private-property-in-object': [ '7.14.5' ],
47 silly audit   '@babel/plugin-syntax-top-level-await': [ '7.14.5' ],
47 silly audit   '@babel/plugin-syntax-unicode-sets-regex': [ '7.18.6' ],
47 silly audit   '@babel/plugin-transform-arrow-functions': [ '7.22.5' ],
47 silly audit   '@babel/plugin-transform-async-generator-functions': [ '7.22.15' ],
47 silly audit   '@babel/plugin-transform-async-to-generator': [ '7.22.5' ],
47 silly audit   '@babel/plugin-transform-block-scoped-functions': [ '7.22.5' ],
47 silly audit   '@babel/plugin-transform-block-scoping': [ '7.22.15' ],
47 silly audit   '@babel/plugin-transform-class-properties': [ '7.22.5' ],
47 silly audit   '@babel/plugin-transform-class-static-block': [ '7.22.11' ],
47 silly audit   '@babel/plugin-transform-classes': [ '7.22.15' ],
47 silly audit   '@babel/plugin-transform-computed-properties': [ '7.22.5' ],
47 silly audit   '@babel/plugin-transform-destructuring': [ '7.22.15' ],
47 silly audit   '@babel/plugin-transform-dotall-regex': [ '7.22.5' ],
47 silly audit   '@babel/plugin-transform-duplicate-keys': [ '7.22.5' ],
47 silly audit   '@babel/plugin-transform-dynamic-import': [ '7.22.11' ],
47 silly audit   '@babel/plugin-transform-exponentiation-operator': [ '7.22.5' ],
47 silly audit   '@babel/plugin-transform-export-namespace-from': [ '7.22.11' ],
47 silly audit   '@babel/plugin-transform-for-of': [ '7.22.15' ],
47 silly audit   '@babel/plugin-transform-function-name': [ '7.22.5' ],
47 silly audit   '@babel/plugin-transform-json-strings': [ '7.22.11' ],
47 silly audit   '@babel/plugin-transform-literals': [ '7.22.5' ],
47 silly audit   '@babel/plugin-transform-logical-assignment-operators': [ '7.22.11' ],
47 silly audit   '@babel/plugin-transform-member-expression-literals': [ '7.22.5' ],
47 silly audit   '@babel/plugin-transform-modules-amd': [ '7.22.5' ],
47 silly audit   '@babel/plugin-transform-modules-commonjs': [ '7.22.15' ],
47 silly audit   '@babel/plugin-transform-modules-systemjs': [ '7.22.11' ],
47 silly audit   '@babel/plugin-transform-modules-umd': [ '7.22.5' ],
47 silly audit   '@babel/plugin-transform-named-capturing-groups-regex': [ '7.22.5' ],
47 silly audit   '@babel/plugin-transform-new-target': [ '7.22.5' ],
47 silly audit   '@babel/plugin-transform-nullish-coalescing-operator': [ '7.22.11' ],
47 silly audit   '@babel/plugin-transform-numeric-separator': [ '7.22.11' ],
47 silly audit   '@babel/plugin-transform-object-rest-spread': [ '7.22.15' ],
47 silly audit   '@babel/plugin-transform-object-super': [ '7.22.5' ],
47 silly audit   '@babel/plugin-transform-optional-catch-binding': [ '7.22.11' ],
47 silly audit   '@babel/plugin-transform-optional-chaining': [ '7.22.15' ],
47 silly audit   '@babel/plugin-transform-parameters': [ '7.22.15' ],
47 silly audit   '@babel/plugin-transform-private-methods': [ '7.22.5' ],
47 silly audit   '@babel/plugin-transform-private-property-in-object': [ '7.22.11' ],
47 silly audit   '@babel/plugin-transform-property-literals': [ '7.22.5' ],
47 silly audit   '@babel/plugin-transform-regenerator': [ '7.22.10' ],
47 silly audit   '@babel/plugin-transform-reserved-words': [ '7.22.5' ],
47 silly audit   '@babel/plugin-transform-runtime': [ '7.22.15' ],
47 silly audit   '@babel/plugin-transform-shorthand-properties': [ '7.22.5' ],
47 silly audit   '@babel/plugin-transform-spread': [ '7.22.5' ],
47 silly audit   '@babel/plugin-transform-sticky-regex': [ '7.22.5' ],
47 silly audit   '@babel/plugin-transform-template-literals': [ '7.22.5' ],
47 silly audit   '@babel/plugin-transform-typeof-symbol': [ '7.22.5' ],
47 silly audit   '@babel/plugin-transform-unicode-escapes': [ '7.22.10' ],
47 silly audit   '@babel/plugin-transform-unicode-property-regex': [ '7.22.5' ],
47 silly audit   '@babel/plugin-transform-unicode-regex': [ '7.22.5' ],
47 silly audit   '@babel/plugin-transform-unicode-sets-regex': [ '7.22.5' ],
47 silly audit   '@babel/preset-env': [ '7.22.15' ],
47 silly audit   '@babel/preset-modules': [ '0.1.6-no-external-plugins' ],
47 silly audit   '@babel/regjsgen': [ '0.8.0' ],
47 silly audit   '@babel/runtime': [ '7.22.15' ],
47 silly audit   '@babel/template': [ '7.22.15' ],
47 silly audit   '@babel/traverse': [ '7.22.17' ],
47 silly audit   '@babel/types': [ '7.22.17' ],
47 silly audit   '@colors/colors': [ '1.5.0' ],
47 silly audit   '@discoveryjs/json-ext': [ '0.5.7' ],
47 silly audit   '@jridgewell/gen-mapping': [ '0.3.3' ],
47 silly audit   '@jridgewell/resolve-uri': [ '3.1.1' ],
47 silly audit   '@jridgewell/set-array': [ '1.1.2' ],
47 silly audit   '@jridgewell/source-map': [ '0.3.5' ],
47 silly audit   '@jridgewell/sourcemap-codec': [ '1.4.15' ],
47 silly audit   '@jridgewell/trace-mapping': [ '0.3.19' ],
47 silly audit   '@leichtgewicht/ip-codec': [ '2.0.4' ],
47 silly audit   '@nodelib/fs.scandir': [ '2.1.5' ],
47 silly audit   '@nodelib/fs.stat': [ '2.0.5' ],
47 silly audit   '@nodelib/fs.walk': [ '1.2.8' ],
47 silly audit   '@popperjs/core': [ '2.11.8' ],
47 silly audit   '@trysound/sax': [ '0.2.0' ],
47 silly audit   '@types/babel__core': [ '7.20.1' ],
47 silly audit   '@types/babel__generator': [ '7.6.4' ],
47 silly audit   '@types/babel__template': [ '7.4.1' ],
47 silly audit   '@types/babel__traverse': [ '7.20.1' ],
47 silly audit   '@types/body-parser': [ '1.19.2' ],
47 silly audit   '@types/bonjour': [ '3.5.10' ],
47 silly audit   '@types/clean-css': [ '4.2.7' ],
47 silly audit   '@types/connect': [ '3.4.36' ],
47 silly audit   '@types/connect-history-api-fallback': [ '1.5.1' ],
47 silly audit   '@types/eslint': [ '8.44.2' ],
47 silly audit   '@types/eslint-scope': [ '3.7.4' ],
47 silly audit   '@types/estree': [ '1.0.1' ],
47 silly audit   '@types/express': [ '4.17.17' ],
47 silly audit   '@types/express-serve-static-core': [ '4.17.36' ],
47 silly audit   '@types/glob': [ '7.2.0' ],
47 silly audit   '@types/http-errors': [ '2.0.1' ],
47 silly audit   '@types/http-proxy': [ '1.17.11' ],
47 silly audit   '@types/imagemin': [ '8.0.1' ],
47 silly audit   '@types/imagemin-gifsicle': [ '7.0.1' ],
47 silly audit   '@types/imagemin-mozjpeg': [ '8.0.1' ],
47 silly audit   '@types/imagemin-optipng': [ '5.2.1' ],
47 silly audit   '@types/imagemin-svgo': [ '8.0.1' ],
47 silly audit   '@types/json-schema': [ '7.0.12' ],
47 silly audit   '@types/mime': [ '1.3.2' ],
47 silly audit   '@types/minimatch': [ '5.1.2' ],
47 silly audit   '@types/node': [ '20.6.0' ],
47 silly audit   '@types/parse-json': [ '4.0.0' ],
47 silly audit   '@types/qs': [ '6.9.8' ],
47 silly audit   '@types/range-parser': [ '1.2.4' ],
47 silly audit   '@types/retry': [ '0.12.0' ],
47 silly audit   '@types/send': [ '0.17.1' ],
47 silly audit   '@types/serve-index': [ '1.9.1' ],
47 silly audit   '@types/serve-static': [ '1.15.2' ],
47 silly audit   '@types/sockjs': [ '0.3.33' ],
47 silly audit   '@types/svgo': [ '1.3.6' ],
47 silly audit   '@types/ws': [ '8.5.5' ],
47 silly audit   '@webassemblyjs/ast': [ '1.11.6' ],
47 silly audit   '@webassemblyjs/floating-point-hex-parser': [ '1.11.6' ],
47 silly audit   '@webassemblyjs/helper-api-error': [ '1.11.6' ],
47 silly audit   '@webassemblyjs/helper-buffer': [ '1.11.6' ],
47 silly audit   '@webassemblyjs/helper-numbers': [ '1.11.6' ],
47 silly audit   '@webassemblyjs/helper-wasm-bytecode': [ '1.11.6' ],
47 silly audit   '@webassemblyjs/helper-wasm-section': [ '1.11.6' ],
47 silly audit   '@webassemblyjs/ieee754': [ '1.11.6' ],
47 silly audit   '@webassemblyjs/leb128': [ '1.11.6' ],
47 silly audit   '@webassemblyjs/utf8': [ '1.11.6' ],
47 silly audit   '@webassemblyjs/wasm-edit': [ '1.11.6' ],
47 silly audit   '@webassemblyjs/wasm-gen': [ '1.11.6' ],
47 silly audit   '@webassemblyjs/wasm-opt': [ '1.11.6' ],
47 silly audit   '@webassemblyjs/wasm-parser': [ '1.11.6' ],
47 silly audit   '@webassemblyjs/wast-printer': [ '1.11.6' ],
47 silly audit   '@webpack-cli/configtest': [ '1.2.0' ],
47 silly audit   '@webpack-cli/info': [ '1.5.0' ],
47 silly audit   '@webpack-cli/serve': [ '1.7.0' ],
47 silly audit   '@xtuc/ieee754': [ '1.2.0' ],
47 silly audit   '@xtuc/long': [ '4.2.2' ],
47 silly audit   accepts: [ '1.3.8' ],
47 silly audit   acorn: [ '8.10.0' ],
47 silly audit   'acorn-import-assertions': [ '1.9.0' ],
47 silly audit   'adjust-sourcemap-loader': [ '4.0.0' ],
47 silly audit   ajv: [ '6.12.6', '8.12.0' ],
47 silly audit   'ajv-formats': [ '2.1.1' ],
47 silly audit   'json-schema-traverse': [ '1.0.0', '0.4.1' ],
47 silly audit   'ajv-keywords': [ '3.5.2', '5.1.0' ],
47 silly audit   'ansi-html-community': [ '0.0.8' ],
47 silly audit   'ansi-regex': [ '5.0.1' ],
47 silly audit   anymatch: [ '3.1.3' ],
47 silly audit   'array-flatten': [ '2.1.2', '1.1.1' ],
47 silly audit   'array-union': [ '2.1.0' ],
47 silly audit   'asn1.js': [ '5.4.1' ],
47 silly audit   'bn.js': [ '4.12.0', '5.2.1' ],
47 silly audit   assert: [ '1.5.1' ],
47 silly audit   inherits: [ '2.0.3', '2.0.4' ],
47 silly audit   util: [ '0.10.4', '0.11.1' ],
47 silly audit   autoprefixer: [ '10.4.15' ],
47 silly audit   axios: [ '0.21.4' ],
47 silly audit   'babel-loader': [ '8.3.0' ],
47 silly audit   'babel-plugin-polyfill-corejs2': [ '0.4.5' ],
47 silly audit   'babel-plugin-polyfill-corejs3': [ '0.8.3' ],
47 silly audit   'babel-plugin-polyfill-regenerator': [ '0.5.2' ],
47 silly audit   'balanced-match': [ '1.0.2' ],
47 silly audit   'base64-js': [ '1.5.1' ],
47 silly audit   batch: [ '0.6.1' ],
47 silly audit   'big.js': [ '5.2.2' ],
47 silly audit   'binary-extensions': [ '2.2.0' ],
47 silly audit   'body-parser': [ '1.20.1' ],
47 silly audit   bytes: [ '3.1.2', '3.0.0' ],
47 silly audit   debug: [ '2.6.9', '4.3.4' ],
47 silly audit   ms: [ '2.0.0', '2.1.2', '2.1.3' ],
47 silly audit   qs: [ '6.11.0', '6.11.2' ],
47 silly audit   'bonjour-service': [ '1.1.1' ],
47 silly audit   boolbase: [ '1.0.0' ],
47 silly audit   bootstrap: [ '5.3.1' ],
47 silly audit   'brace-expansion': [ '1.1.11' ],
47 silly audit   braces: [ '3.0.2' ],
47 silly audit   brorand: [ '1.1.0' ],
47 silly audit   'browserify-aes': [ '1.2.0' ],
47 silly audit   'browserify-cipher': [ '1.0.1' ],
47 silly audit   'browserify-des': [ '1.0.2' ],
47 silly audit   'browserify-rsa': [ '4.1.0' ],
47 silly audit   'browserify-sign': [ '4.2.1' ],
47 silly audit   'readable-stream': [ '3.6.2', '2.3.8' ],
47 silly audit   'browserify-zlib': [ '0.2.0' ],
47 silly audit   browserslist: [ '4.21.10' ],
47 silly audit   buffer: [ '4.9.2' ],
47 silly audit   'buffer-from': [ '1.1.2' ],
47 silly audit   'buffer-xor': [ '1.0.3' ],
47 silly audit   'builtin-status-codes': [ '3.0.0' ],
47 silly audit   'call-bind': [ '1.0.2' ],
47 silly audit   callsites: [ '3.1.0' ],
47 silly audit   'camel-case': [ '4.1.2' ],
47 silly audit   'caniuse-api': [ '3.0.0' ],
47 silly audit   'caniuse-lite': [ '1.0.30001534' ],
47 silly audit   charenc: [ '0.0.2' ],
47 silly audit   chokidar: [ '3.5.3' ],
47 silly audit   'chrome-trace-event': [ '1.0.3' ],
47 silly audit   'cipher-base': [ '1.0.4' ],
47 silly audit   'clean-css': [ '5.3.2', '4.2.4' ],
47 silly audit   'cli-table3': [ '0.6.3' ],
47 silly audit   cliui: [ '8.0.1' ],
47 silly audit   'clone-deep': [ '4.0.1' ],
47 silly audit   'collect.js': [ '4.36.1' ],
47 silly audit   colord: [ '2.9.3' ],
47 silly audit   colorette: [ '2.0.20' ],
47 silly audit   commander: [ '7.2.0', '2.20.3', '4.1.1' ],
47 silly audit   commondir: [ '1.0.1' ],
47 silly audit   compressible: [ '2.0.18' ],
47 silly audit   compression: [ '1.7.4' ],
47 silly audit   'safe-buffer': [ '5.1.2', '5.2.1' ],
47 silly audit   concat: [ '1.0.3' ],
47 silly audit   'concat-map': [ '0.0.1' ],
47 silly audit   'connect-history-api-fallback': [ '2.0.0' ],
47 silly audit   consola: [ '2.15.3' ],
47 silly audit   'console-browserify': [ '1.2.0' ],
47 silly audit   'constants-browserify': [ '1.0.0' ],
47 silly audit   'content-disposition': [ '0.5.4' ],
47 silly audit   'content-type': [ '1.0.5' ],
47 silly audit   'convert-source-map': [ '1.9.0' ],
47 silly audit   cookie: [ '0.5.0' ],
47 silly audit   'cookie-signature': [ '1.0.6' ],
47 silly audit   'core-js-compat': [ '3.32.2' ],
47 silly audit   'core-util-is': [ '1.0.3' ],
47 silly audit   cosmiconfig: [ '7.1.0' ],
47 silly audit   'create-ecdh': [ '4.0.4' ],
47 silly audit   'create-hash': [ '1.2.0' ],
47 silly audit   'create-hmac': [ '1.1.7' ],
47 silly audit   'cross-spawn': [ '7.0.3' ],
47 silly audit   crypt: [ '0.0.2' ],
47 silly audit   'crypto-browserify': [ '3.12.0' ],
47 silly audit   'css-declaration-sorter': [ '6.4.1' ],
47 silly audit   'css-loader': [ '5.2.7' ],
47 silly audit   'schema-utils': [ '3.3.0', '2.7.1', '4.2.0' ],
47 silly audit   'css-select': [ '4.3.0' ],
47 silly audit   domhandler: [ '4.3.1', '3.3.0' ],
47 silly audit   'css-tree': [ '1.1.3' ],
47 silly audit   'css-what': [ '6.1.0' ],
47 silly audit   cssesc: [ '3.0.0' ],
47 silly audit   cssnano: [ '5.1.15' ],
47 silly audit   'cssnano-preset-default': [ '5.2.14' ],
47 silly audit   'cssnano-utils': [ '3.1.0' ],
47 silly audit   csso: [ '4.2.0' ],
47 silly audit   'default-gateway': [ '6.0.3' ],
47 silly audit   'define-data-property': [ '1.1.0' ],
47 silly audit   'define-lazy-prop': [ '2.0.0' ],
47 silly audit   'define-properties': [ '1.2.1' ],
47 silly audit   depd: [ '2.0.0', '1.1.2' ],
47 silly audit   'des.js': [ '1.1.0' ],
47 silly audit   destroy: [ '1.2.0' ],
47 silly audit   'detect-node': [ '2.1.0' ],
47 silly audit   'diffie-hellman': [ '5.0.3' ],
47 silly audit   'dir-glob': [ '3.0.1' ],
47 silly audit   'dns-equal': [ '1.0.0' ],
47 silly audit   'dns-packet': [ '5.6.1' ],
47 silly audit   'dom-serializer': [ '1.4.1' ],
47 silly audit   'domain-browser': [ '1.2.0' ],
47 silly audit   domelementtype: [ '2.3.0' ],
47 silly audit   domutils: [ '2.8.0' ],
47 silly audit   'dot-case': [ '3.0.4' ],
47 silly audit   dotenv: [ '10.0.0' ],
47 silly audit   'dotenv-expand': [ '5.1.0' ],
47 silly audit   'ee-first': [ '1.1.1' ],
47 silly audit   'electron-to-chromium': [ '1.4.520' ],
47 silly audit   elliptic: [ '6.5.4' ],
47 silly audit   'emoji-regex': [ '8.0.0' ],
47 silly audit   'emojis-list': [ '3.0.0' ],
47 silly audit   encodeurl: [ '1.0.2' ],
47 silly audit   'enhanced-resolve': [ '5.15.0' ],
47 silly audit   entities: [ '2.2.0' ],
47 silly audit   envinfo: [ '7.10.0' ],
47 silly audit   'error-ex': [ '1.3.2' ],
47 silly audit   'es-module-lexer': [ '1.3.1' ],
47 silly audit   escalade: [ '3.1.1' ],
47 silly audit   'escape-html': [ '1.0.3' ],
47 silly audit   'escape-string-regexp': [ '1.0.5' ],
47 silly audit   'eslint-scope': [ '5.1.1' ],
47 silly audit   esrecurse: [ '4.3.0' ],
47 silly audit   estraverse: [ '5.3.0', '4.3.0' ],
47 silly audit   esutils: [ '2.0.3' ],
47 silly audit   etag: [ '1.8.1' ],
47 silly audit   eventemitter3: [ '4.0.7' ],
47 silly audit   events: [ '3.3.0' ],
47 silly audit   evp_bytestokey: [ '1.0.3' ],
47 silly audit   execa: [ '5.1.1' ],
47 silly audit   express: [ '4.18.2' ],
47 silly audit   'fast-deep-equal': [ '3.1.3' ],
47 silly audit   'fast-glob': [ '3.3.1' ],
47 silly audit   'fast-json-stable-stringify': [ '2.1.0' ],
47 silly audit   'fastest-levenshtein': [ '1.0.16' ],
47 silly audit   fastq: [ '1.15.0' ],
47 silly audit   'faye-websocket': [ '0.11.4' ],
47 silly audit   'file-loader': [ '6.2.0' ],
47 silly audit   'file-type': [ '12.4.2' ],
47 silly audit   'fill-range': [ '7.0.1' ],
47 silly audit   finalhandler: [ '1.2.0' ],
47 silly audit   'find-cache-dir': [ '3.3.2' ],
47 silly audit   'find-up': [ '4.1.0' ],
47 silly audit   'follow-redirects': [ '1.15.2' ],
47 silly audit   forwarded: [ '0.2.0' ],
47 silly audit   'fraction.js': [ '4.3.6' ],
47 silly audit   fresh: [ '0.5.2' ],
47 silly audit   'fs-extra': [ '10.1.0' ],
47 silly audit   'fs-monkey': [ '1.0.4' ],
47 silly audit   'fs.realpath': [ '1.0.0' ],
47 silly audit   fsevents: [ '2.3.3' ],
47 silly audit   'function-bind': [ '1.1.1' ],
47 silly audit   gensync: [ '1.0.0-beta.2' ],
47 silly audit   'get-caller-file': [ '2.0.5' ],
47 silly audit   'get-intrinsic': [ '1.2.1' ],
47 silly audit   'get-stream': [ '6.0.1' ],
47 silly audit   glob: [ '7.2.3' ],
47 silly audit   'glob-parent': [ '5.1.2' ],
47 silly audit   'glob-to-regexp': [ '0.4.1' ],
47 silly audit   globals: [ '11.12.0' ],
47 silly audit   globby: [ '10.0.2' ],
47 silly audit   gopd: [ '1.0.1' ],
47 silly audit   'graceful-fs': [ '4.2.11' ],
47 silly audit   growly: [ '1.3.0' ],
47 silly audit   'handle-thing': [ '2.0.1' ],
47 silly audit   has: [ '1.0.3' ],
47 silly audit   'has-property-descriptors': [ '1.0.0' ],
47 silly audit   'has-proto': [ '1.0.1' ],
47 silly audit   'has-symbols': [ '1.0.3' ],
47 silly audit   'hash-base': [ '3.1.0' ],
47 silly audit   'hash-sum': [ '1.0.2' ],
47 silly audit   'hash.js': [ '1.1.7' ],
47 silly audit   he: [ '1.2.0' ],
47 silly audit   'hmac-drbg': [ '1.0.1' ],
47 silly audit   'hpack.js': [ '2.1.6' ],
47 silly audit   'html-entities': [ '2.4.0' ],
47 silly audit   'html-loader': [ '1.3.2' ],
47 silly audit   'html-minifier-terser': [ '5.1.1' ],
47 silly audit   terser: [ '4.8.1', '5.19.4' ],
47 silly audit   htmlparser2: [ '4.1.0' ],
47 silly audit   'http-deceiver': [ '1.2.7' ],
47 silly audit   'http-errors': [ '2.0.0', '1.6.3' ],
47 silly audit   'http-parser-js': [ '0.5.8' ],
47 silly audit   'http-proxy': [ '1.18.1' ],
47 silly audit   'http-proxy-middleware': [ '2.0.6' ],
47 silly audit   'https-browserify': [ '1.0.0' ],
47 silly audit   'human-signals': [ '2.1.0' ],
47 silly audit   'iconv-lite': [ '0.4.24' ],
47 silly audit   'icss-utils': [ '5.1.0' ],
47 silly audit   ieee754: [ '1.2.1' ],
47 silly audit   ignore: [ '5.2.4' ],
47 silly audit   imagemin: [ '7.0.1' ],
47 silly audit   'img-loader': [ '4.0.0' ],
47 silly audit   json5: [ '1.0.2', '2.2.3' ],
47 silly audit   'loader-utils': [ '1.4.2', '2.0.4' ],
47 silly audit   immutable: [ '4.3.4' ],
47 silly audit   'import-fresh': [ '3.3.0' ],
47 silly audit   'import-local': [ '3.1.0' ],
47 silly audit   inflight: [ '1.0.6' ],
47 silly audit   interpret: [ '2.2.0' ],
47 silly audit   'ipaddr.js': [ '2.1.0', '1.9.1' ],
47 silly audit   'is-arrayish': [ '0.2.1' ],
47 silly audit   'is-binary-path': [ '2.1.0' ],
47 silly audit   'is-buffer': [ '1.1.6' ],
47 silly audit   'is-core-module': [ '2.13.0' ],
47 silly audit   'is-docker': [ '2.2.1' ],
47 silly audit   'is-extglob': [ '2.1.1' ],
47 silly audit   'is-fullwidth-code-point': [ '3.0.0' ],
47 silly audit   'is-glob': [ '4.0.3' ],
47 silly audit   'is-number': [ '7.0.0' ],
47 silly audit   'is-plain-obj': [ '3.0.0' ],
47 silly audit   'is-plain-object': [ '2.0.4' ],
47 silly audit   'is-stream': [ '2.0.1' ],
47 silly audit   'is-wsl': [ '2.2.0' ],
47 silly audit   isarray: [ '1.0.0' ],
47 silly audit   isexe: [ '2.0.0' ],
47 silly audit   isobject: [ '3.0.1' ],
47 silly audit   'jest-worker': [ '27.5.1' ],
47 silly audit   'js-tokens': [ '4.0.0' ],
47 silly audit   jsesc: [ '2.5.2', '0.5.0' ],
47 silly audit   'json-parse-even-better-errors': [ '2.3.1' ],
47 silly audit   jsonfile: [ '6.1.0' ],
47 silly audit   junk: [ '3.1.0' ],
47 silly audit   'kind-of': [ '6.0.3' ],
47 silly audit   klona: [ '2.0.6' ],
47 silly audit   'laravel-mix': [ '6.0.49' ],
47 silly audit   'launch-editor': [ '2.6.0' ],
47 silly audit   lilconfig: [ '2.1.0' ],
47 silly audit   'lines-and-columns': [ '1.2.4' ],
47 silly audit   'loader-runner': [ '4.3.0' ],
47 silly audit   'locate-path': [ '5.0.0' ],
47 silly audit   lodash: [ '4.17.21' ],
47 silly audit   'lodash.debounce': [ '4.0.8' ],
47 silly audit   'lodash.memoize': [ '4.1.2' ],
47 silly audit   'lodash.uniq': [ '4.5.0' ],
47 silly audit   'lower-case': [ '2.0.2' ],
47 silly audit   'lru-cache': [ '5.1.1', '6.0.0' ],
47 silly audit   'make-dir': [ '3.1.0' ],
47 silly audit   md5: [ '2.3.0' ],
47 silly audit   'md5.js': [ '1.3.5' ],
47 silly audit   'mdn-data': [ '2.0.14' ],
47 silly audit   'media-typer': [ '0.3.0' ],
47 silly audit   memfs: [ '3.5.3' ],
47 silly audit   'merge-descriptors': [ '1.0.1' ],
47 silly audit   'merge-stream': [ '2.0.0' ],
47 silly audit   merge2: [ '1.4.1' ],
47 silly audit   methods: [ '1.1.2' ],
47 silly audit   micromatch: [ '4.0.5' ],
47 silly audit   'miller-rabin': [ '4.0.1' ],
47 silly audit   mime: [ '1.6.0' ],
47 silly audit   'mime-db': [ '1.52.0' ],
47 silly audit   'mime-types': [ '2.1.35' ],
47 silly audit   'mimic-fn': [ '2.1.0' ],
47 silly audit   'mini-css-extract-plugin': [ '1.6.2' ],
47 silly audit   'minimalistic-assert': [ '1.0.1' ],
47 silly audit   'minimalistic-crypto-utils': [ '1.0.1' ],
47 silly audit   minimatch: [ '3.1.2' ],
47 silly audit   minimist: [ '1.2.8' ],
47 silly audit   'multicast-dns': [ '7.2.5' ],
47 silly audit   nanoid: [ '3.3.6' ],
47 silly audit   negotiator: [ '0.6.3' ],
47 silly audit   'neo-async': [ '2.6.2' ],
47 silly audit   'no-case': [ '3.0.4' ],
47 silly audit   'node-forge': [ '1.3.1' ],
47 silly audit   'node-libs-browser': [ '2.2.1' ],
47 silly audit   'node-notifier': [ '9.0.1' ],
47 silly audit   'node-releases': [ '2.0.13' ],
47 silly audit   'normalize-path': [ '3.0.0' ],
47 silly audit   'normalize-range': [ '0.1.2' ],
47 silly audit   'normalize-url': [ '6.1.0' ],
47 silly audit   'npm-run-path': [ '4.0.1' ],
47 silly audit   'nth-check': [ '2.1.1' ],
47 silly audit   'object-inspect': [ '1.12.3' ],
47 silly audit   'object-keys': [ '1.1.1' ],
47 silly audit   'object.assign': [ '4.1.4' ],
47 silly audit   obuf: [ '1.1.2' ],
47 silly audit   'on-finished': [ '2.4.1' ],
47 silly audit   'on-headers': [ '1.0.2' ],
47 silly audit   once: [ '1.4.0' ],
47 silly audit   onetime: [ '5.1.2' ],
47 silly audit   open: [ '8.4.2' ],
47 silly audit   'os-browserify': [ '0.3.0' ],
47 silly audit   'p-limit': [ '2.3.0' ],
47 silly audit   'p-locate': [ '4.1.0' ],
47 silly audit   'p-pipe': [ '3.1.0' ],
47 silly audit   'p-retry': [ '4.6.2' ],
47 silly audit   'p-try': [ '2.2.0' ],
47 silly audit   pako: [ '1.0.11' ],
47 silly audit   'param-case': [ '3.0.4' ],
47 silly audit   'parent-module': [ '1.0.1' ],
47 silly audit   'parse-asn1': [ '5.1.6' ],
47 silly audit   'parse-json': [ '5.2.0' ],
47 silly audit   parseurl: [ '1.3.3' ],
47 silly audit   'pascal-case': [ '3.1.2' ],
47 silly audit   'path-browserify': [ '0.0.1' ],
47 silly audit   'path-exists': [ '4.0.0' ],
47 silly audit   'path-is-absolute': [ '1.0.1' ],
47 silly audit   'path-key': [ '3.1.1' ],
47 silly audit   'path-parse': [ '1.0.7' ],
47 silly audit   'path-to-regexp': [ '0.1.7' ],
47 silly audit   'path-type': [ '4.0.0' ],
47 silly audit   pbkdf2: [ '3.1.2' ],
47 silly audit   picocolors: [ '1.0.0' ],
47 silly audit   picomatch: [ '2.3.1' ],
47 silly audit   'pkg-dir': [ '4.2.0' ],
47 silly audit   postcss: [ '8.4.29' ],
47 silly audit   'postcss-calc': [ '8.2.4' ],
47 silly audit   'postcss-colormin': [ '5.3.1' ],
47 silly audit   'postcss-convert-values': [ '5.1.3' ],
47 silly audit   'postcss-discard-comments': [ '5.1.2' ],
47 silly audit   'postcss-discard-duplicates': [ '5.1.0' ],
47 silly audit   'postcss-discard-empty': [ '5.1.1' ],
47 silly audit   'postcss-discard-overridden': [ '5.1.0' ],
47 silly audit   'postcss-load-config': [ '3.1.4' ],
47 silly audit   'postcss-loader': [ '6.2.1' ],
47 silly audit   'postcss-merge-longhand': [ '5.1.7' ],
47 silly audit   'postcss-merge-rules': [ '5.1.4' ],
47 silly audit   'postcss-minify-font-values': [ '5.1.0' ],
47 silly audit   'postcss-minify-gradients': [ '5.1.1' ],
47 silly audit   'postcss-minify-params': [ '5.1.4' ],
47 silly audit   'postcss-minify-selectors': [ '5.2.1' ],
47 silly audit   'postcss-modules-extract-imports': [ '3.0.0' ],
47 silly audit   'postcss-modules-local-by-default': [ '4.0.3' ],
47 silly audit   'postcss-modules-scope': [ '3.0.0' ],
47 silly audit   'postcss-modules-values': [ '4.0.0' ],
47 silly audit   'postcss-normalize-charset': [ '5.1.0' ],
47 silly audit   'postcss-normalize-display-values': [ '5.1.0' ],
47 silly audit   'postcss-normalize-positions': [ '5.1.1' ],
47 silly audit   'postcss-normalize-repeat-style': [ '5.1.1' ],
47 silly audit   'postcss-normalize-string': [ '5.1.0' ],
47 silly audit   'postcss-normalize-timing-functions': [ '5.1.0' ],
47 silly audit   'postcss-normalize-unicode': [ '5.1.1' ],
47 silly audit   'postcss-normalize-url': [ '5.1.0' ],
47 silly audit   'postcss-normalize-whitespace': [ '5.1.1' ],
47 silly audit   'postcss-ordered-values': [ '5.1.3' ],
47 silly audit   'postcss-reduce-initial': [ '5.1.2' ],
47 silly audit   'postcss-reduce-transforms': [ '5.1.0' ],
47 silly audit   'postcss-selector-parser': [ '6.0.13' ],
47 silly audit   'postcss-svgo': [ '5.1.0' ],
47 silly audit   'postcss-unique-selectors': [ '5.1.1' ],
47 silly audit   'postcss-value-parser': [ '4.2.0' ],
47 silly audit   'pretty-time': [ '1.1.0' ],
47 silly audit   process: [ '0.11.10' ],
47 silly audit   'process-nextick-args': [ '2.0.1' ],
47 silly audit   'proxy-addr': [ '2.0.7' ],
47 silly audit   'public-encrypt': [ '4.0.3' ],
47 silly audit   punycode: [ '1.4.1', '2.3.0' ],
47 silly audit   'querystring-es3': [ '0.2.1' ],
47 silly audit   'queue-microtask': [ '1.2.3' ],
47 silly audit   randombytes: [ '2.1.0' ],
47 silly audit   randomfill: [ '1.0.4' ],
47 silly audit   'range-parser': [ '1.2.1' ],
47 silly audit   'raw-body': [ '2.5.1' ],
47 silly audit   string_decoder: [ '1.1.1', '1.3.0' ],
47 silly audit   readdirp: [ '3.6.0' ],
47 silly audit   rechoir: [ '0.7.1' ],
47 silly audit   regenerate: [ '1.4.2' ],
47 silly audit   'regenerate-unicode-properties': [ '10.1.0' ],
47 silly audit   'regenerator-runtime': [ '0.14.0' ],
47 silly audit   'regenerator-transform': [ '0.15.2' ],
47 silly audit   'regex-parser': [ '2.2.11' ],
47 silly audit   'regexpu-core': [ '5.3.2' ],
47 silly audit   regjsparser: [ '0.9.1' ],
47 silly audit   relateurl: [ '0.2.7' ],
47 silly audit   'replace-ext': [ '1.0.1' ],
47 silly audit   'require-directory': [ '2.1.1' ],
47 silly audit   'require-from-string': [ '2.0.2' ],
47 silly audit   'requires-port': [ '1.0.0' ],
47 silly audit   resolve: [ '1.22.4' ],
47 silly audit   'resolve-cwd': [ '3.0.0' ],
47 silly audit   'resolve-from': [ '5.0.0', '4.0.0' ],
47 silly audit   'resolve-url-loader': [ '5.0.0' ],
47 silly audit   retry: [ '0.13.1' ],
47 silly audit   reusify: [ '1.0.4' ],
47 silly audit   rimraf: [ '3.0.2' ],
47 silly audit   ripemd160: [ '2.0.2' ],
47 silly audit   'run-parallel': [ '1.2.0' ],
47 silly audit   'safer-buffer': [ '2.1.2' ],
47 silly audit   sass: [ '1.67.0' ],
47 silly audit   'sass-loader': [ '11.1.1' ],
47 silly audit   'select-hose': [ '2.0.0' ],
47 silly audit   selfsigned: [ '2.1.1' ],
47 silly audit   yallist: [ '4.0.0', '3.1.1' ],
47 silly audit   send: [ '0.18.0' ],
47 silly audit   'serialize-javascript': [ '6.0.1' ],
47 silly audit   'serve-index': [ '1.9.1' ],
47 silly audit   setprototypeof: [ '1.1.0', '1.2.0' ],
47 silly audit   statuses: [ '1.5.0', '2.0.1' ],
47 silly audit   'serve-static': [ '1.15.0' ],
47 silly audit   setimmediate: [ '1.0.5' ],
47 silly audit   'sha.js': [ '2.4.11' ],
47 silly audit   'shallow-clone': [ '3.0.1' ],
47 silly audit   'shebang-command': [ '2.0.0' ],
47 silly audit   'shebang-regex': [ '3.0.0' ],
47 silly audit   'shell-quote': [ '1.8.1' ],
47 silly audit   shellwords: [ '0.1.1' ],
47 silly audit   'side-channel': [ '1.0.4' ],
47 silly audit   'signal-exit': [ '3.0.7' ],
47 silly audit   slash: [ '3.0.0' ],
47 silly audit   sockjs: [ '0.3.24' ],
47 silly audit   'source-list-map': [ '2.0.1' ],
47 silly audit   'source-map': [ '0.6.1' ],
47 silly audit   'source-map-js': [ '1.0.2' ],
47 silly audit   'source-map-support': [ '0.5.21' ],
47 silly audit   spdy: [ '4.0.2' ],
47 silly audit   'spdy-transport': [ '3.0.0' ],
47 silly audit   stable: [ '0.1.8' ],
47 silly audit   'std-env': [ '3.4.3' ],
47 silly audit   'stream-browserify': [ '2.0.2' ],
47 silly audit   'stream-http': [ '2.8.3' ],
47 silly audit   'string-width': [ '4.2.3' ],
47 silly audit   'strip-ansi': [ '6.0.1' ],
47 silly audit   'strip-final-newline': [ '2.0.0' ],
47 silly audit   'style-loader': [ '2.0.0' ],
47 silly audit   stylehacks: [ '5.1.1' ],
47 silly audit   'supports-preserve-symlinks-flag': [ '1.0.0' ],
47 silly audit   svgo: [ '2.8.0' ],
47 silly audit   tapable: [ '2.2.1' ],
47 silly audit   'terser-webpack-plugin': [ '5.3.9' ],
47 silly audit   thunky: [ '1.1.0' ],
47 silly audit   'timers-browserify': [ '2.0.12' ],
47 silly audit   'to-arraybuffer': [ '1.0.1' ],
47 silly audit   'to-fast-properties': [ '2.0.0' ],
47 silly audit   'to-regex-range': [ '5.0.1' ],
47 silly audit   toidentifier: [ '1.0.1' ],
47 silly audit   tslib: [ '2.6.2' ],
47 silly audit   'tty-browserify': [ '0.0.0' ],
47 silly audit   'type-is': [ '1.6.18' ],
47 silly audit   'unicode-canonical-property-names-ecmascript': [ '2.0.0' ],
47 silly audit   'unicode-match-property-ecmascript': [ '2.0.0' ],
47 silly audit   'unicode-match-property-value-ecmascript': [ '2.1.0' ],
47 silly audit   'unicode-property-aliases-ecmascript': [ '2.1.0' ],
47 silly audit   universalify: [ '2.0.0' ],
47 silly audit   unpipe: [ '1.0.0' ],
47 silly audit   'update-browserslist-db': [ '1.0.11' ],
47 silly audit   'uri-js': [ '4.4.1' ],
47 silly audit   url: [ '0.11.2' ],
47 silly audit   'util-deprecate': [ '1.0.2' ],
47 silly audit   'utils-merge': [ '1.0.1' ],
47 silly audit   uuid: [ '8.3.2' ],
47 silly audit   vary: [ '1.1.2' ],
47 silly audit   'vm-browserify': [ '1.1.2' ],
47 silly audit   'vue-style-loader': [ '4.1.3' ],
47 silly audit   watchpack: [ '2.4.0' ],
47 silly audit   wbuf: [ '1.7.3' ],
47 silly audit   webpack: [ '5.88.2' ],
47 silly audit   'webpack-cli': [ '4.10.0' ],
47 silly audit   'webpack-dev-middleware': [ '5.3.3' ],
47 silly audit   'webpack-dev-server': [ '4.15.1' ],
47 silly audit   'webpack-merge': [ '5.9.0' ],
47 silly audit   'webpack-notifier': [ '1.15.0' ],
47 silly audit   'webpack-sources': [ '1.4.3', '3.2.3' ],
47 silly audit   webpackbar: [ '5.0.2' ],
47 silly audit   'websocket-driver': [ '0.7.4' ],
47 silly audit   'websocket-extensions': [ '0.1.4' ],
47 silly audit   which: [ '2.0.2' ],
47 silly audit   wildcard: [ '2.0.1' ],
47 silly audit   'wrap-ansi': [ '7.0.0' ],
47 silly audit   wrappy: [ '1.0.2' ],
47 silly audit   ws: [ '8.14.1' ],
47 silly audit   xtend: [ '4.0.2' ],
47 silly audit   y18n: [ '5.0.8' ],
47 silly audit   yaml: [ '1.10.2' ],
47 silly audit   yargs: [ '17.7.2' ],
47 silly audit   'yargs-parser': [ '21.1.1' ]
47 silly audit }
48 verbose reify failed optional dependency /var/www/node_modules/fsevents
49 silly reify mark deleted [ '/var/www/node_modules/fsevents' ]
50 timing reifyNode:node_modules/fsevents Completed in 61ms
51 timing reify:unpack Completed in 61ms
52 timing reify:unretire Completed in 0ms
53 timing build:queue Completed in 3ms
54 timing build:deps Completed in 3ms
55 timing build Completed in 3ms
56 timing reify:build Completed in 4ms
57 timing reify:trash Completed in 1ms
58 timing reify:save Completed in 196ms
59 http fetch POST 200 https://registry.npmjs.org/-/npm/v1/security/advisories/bulk 581ms
60 timing auditReport:getReport Completed in 591ms
61 silly audit report {}
62 timing auditReport:init Completed in 0ms
63 timing reify:audit Completed in 592ms
64 timing reify Completed in 1315ms
65 silly ADD
66 timing command:install Completed in 1326ms
67 verbose exit 0
68 timing npm Completed in 1526ms
69 info ok
